<?xml version="1.0" encoding="UTF-8" ?>
<testsuite tests="0" failures="0" name="com.example.demo.service.FunctionTest" time="0" errors="0" skipped="0">
  <properties>
    <property name="idea.version" value="2022.2.2"/>
    <property name="java.runtime.name" value="OpenJDK Runtime Environment"/>
    <property name="sun.boot.library.path" value="/Users/zhuhe/Library/Java/JavaVirtualMachines/azul-1.8.0_345/Contents/Home/jre/lib"/>
    <property name="java.vm.version" value="25.345-b01"/>
    <property name="gopherProxySet" value="false"/>
    <property name="jdk.vendor.version" value="Zulu 8.64.0.19-CA-macos-aarch64"/>
    <property name="java.vm.vendor" value="Azul Systems, Inc."/>
    <property name="maven.multiModuleProjectDirectory" value="/Users/zhuhe/IdeaProjects/OOAD_Final_Project/OOAD_Final_Project-main/demo5"/>
    <property name="java.vendor.url" value="http://www.azul.com/"/>
    <property name="path.separator" value=":"/>
    <property name="guice.disable.misplaced.annotation.check" value="true"/>
    <property name="java.vm.name" value="OpenJDK 64-Bit Server VM"/>
    <property name="file.encoding.pkg" value="sun.io"/>
    <property name="user.country" value="CN"/>
    <property name="sun.java.launcher" value="SUN_STANDARD"/>
    <property name="sun.os.patch.level" value="unknown"/>
    <property name="java.vm.specification.name" value="Java Virtual Machine Specification"/>
    <property name="user.dir" value="/Users/zhuhe/IdeaProjects/OOAD_Final_Project/OOAD_Final_Project-main/demo5"/>
    <property name="java.runtime.version" value="1.8.0_345-b01"/>
    <property name="java.awt.graphicsenv" value="sun.awt.CGraphicsEnvironment"/>
    <property name="java.endorsed.dirs" value="/Users/zhuhe/Library/Java/JavaVirtualMachines/azul-1.8.0_345/Contents/Home/jre/lib/endorsed"/>
    <property name="os.arch" value="aarch64"/>
    <property name="java.io.tmpdir" value="/var/folders/d2/f3vm2qjs02ldnf3s8_w_jjd00000gn/T/"/>
    <property name="line.separator" value="
"/>
    <property name="socksProxyPort" value="7890"/>
    <property name="java.vm.specification.vendor" value="Oracle Corporation"/>
    <property name="https.proxyHost" value="127.0.0.1"/>
    <property name="os.name" value="Mac OS X"/>
    <property name="maven.ext.class.path" value="/Applications/IntelliJ IDEA.app/Contents/plugins/maven/lib/maven-event-listener.jar"/>
    <property name="classworlds.conf" value="/Applications/IntelliJ IDEA.app/Contents/plugins/maven/lib/maven3/bin/m2.conf"/>
    <property name="sun.jnu.encoding" value="UTF-8"/>
    <property name="java.library.path" value="/Users/zhuhe/Library/Java/Extensions:/Library/Java/Extensions:/Network/Library/Java/Extensions:/System/Library/Java/Extensions:/usr/lib/java:."/>
    <property name="http.proxyPort" value="7890"/>
    <property name="maven.conf" value="/Applications/IntelliJ IDEA.app/Contents/plugins/maven/lib/maven3/conf"/>
    <property name="java.class.version" value="52.0"/>
    <property name="java.specification.name" value="Java Platform API Specification"/>
    <property name="sun.management.compiler" value="HotSpot 64-Bit Tiered Compilers"/>
    <property name="os.version" value="13.0"/>
    <property name="http.nonProxyHosts" value="192.168.0.0/16|*.192.168.0.0/16|10.0.0.0/8|*.10.0.0.0/8|172.16.0.0/12|*.172.16.0.0/12|127.0.0.1|localhost|*.localhost|local|*.local|timestamp.apple.com|*.timestamp.apple.com"/>
    <property name="user.home" value="/Users/zhuhe"/>
    <property name="user.timezone" value="Asia/Shanghai"/>
    <property name="java.awt.printerjob" value="sun.lwawt.macosx.CPrinterJob"/>
    <property name="java.specification.version" value="1.8"/>
    <property name="file.encoding" value="UTF-8"/>
    <property name="user.name" value="zhuhe"/>
    <property name="java.class.path" value="/Applications/IntelliJ IDEA.app/Contents/plugins/maven/lib/maven3/boot/plexus-classworlds.license:/Applications/IntelliJ IDEA.app/Contents/plugins/maven/lib/maven3/boot/plexus-classworlds-2.6.0.jar"/>
    <property name="socksProxyHost" value="127.0.0.1"/>
    <property name="java.vm.specification.version" value="1.8"/>
    <property name="sun.arch.data.model" value="64"/>
    <property name="java.home" value="/Users/zhuhe/Library/Java/JavaVirtualMachines/azul-1.8.0_345/Contents/Home/jre"/>
    <property name="sun.java.command" value="org.codehaus.classworlds.Launcher -Didea.version=2022.2.2 install"/>
    <property name="java.specification.vendor" value="Oracle Corporation"/>
    <property name="user.language" value="zh"/>
    <property name="awt.toolkit" value="sun.lwawt.macosx.LWCToolkit"/>
    <property name="java.vm.info" value="mixed mode"/>
    <property name="java.version" value="1.8.0_345"/>
    <property name="java.ext.dirs" value="/Users/zhuhe/Library/Java/Extensions:/Users/zhuhe/Library/Java/JavaVirtualMachines/azul-1.8.0_345/Contents/Home/jre/lib/ext:/Library/Java/Extensions:/Network/Library/Java/Extensions:/System/Library/Java/Extensions:/usr/lib/java"/>
    <property name="http.proxyHost" value="127.0.0.1"/>
    <property name="sun.boot.class.path" value="/Users/zhuhe/Library/Java/JavaVirtualMachines/azul-1.8.0_345/Contents/Home/jre/lib/resources.jar:/Users/zhuhe/Library/Java/JavaVirtualMachines/azul-1.8.0_345/Contents/Home/jre/lib/rt.jar:/Users/zhuhe/Library/Java/JavaVirtualMachines/azul-1.8.0_345/Contents/Home/jre/lib/sunrsasign.jar:/Users/zhuhe/Library/Java/JavaVirtualMachines/azul-1.8.0_345/Contents/Home/jre/lib/jsse.jar:/Users/zhuhe/Library/Java/JavaVirtualMachines/azul-1.8.0_345/Contents/Home/jre/lib/jce.jar:/Users/zhuhe/Library/Java/JavaVirtualMachines/azul-1.8.0_345/Contents/Home/jre/lib/charsets.jar:/Users/zhuhe/Library/Java/JavaVirtualMachines/azul-1.8.0_345/Contents/Home/jre/lib/jfr.jar:/Users/zhuhe/Library/Java/JavaVirtualMachines/azul-1.8.0_345/Contents/Home/jre/lib/cat.jar:/Users/zhuhe/Library/Java/JavaVirtualMachines/azul-1.8.0_345/Contents/Home/jre/classes"/>
    <property name="java.vendor" value="Azul Systems, Inc."/>
    <property name="maven.home" value="/Applications/IntelliJ IDEA.app/Contents/plugins/maven/lib/maven3"/>
    <property name="file.separator" value="/"/>
    <property name="java.vendor.url.bug" value="http://www.azul.com/support/"/>
    <property name="sun.cpu.endian" value="little"/>
    <property name="sun.io.unicode.encoding" value="UnicodeBig"/>
    <property name="https.proxyPort" value="7890"/>
    <property name="socksNonProxyHosts" value="192.168.0.0/16|*.192.168.0.0/16|10.0.0.0/8|*.10.0.0.0/8|172.16.0.0/12|*.172.16.0.0/12|127.0.0.1|localhost|*.localhost|local|*.local|timestamp.apple.com|*.timestamp.apple.com"/>
    <property name="ftp.nonProxyHosts" value="192.168.0.0/16|*.192.168.0.0/16|10.0.0.0/8|*.10.0.0.0/8|172.16.0.0/12|*.172.16.0.0/12|127.0.0.1|localhost|*.localhost|local|*.local|timestamp.apple.com|*.timestamp.apple.com"/>
    <property name="sun.cpu.isalist" value=""/>
  </properties>
</testsuite>